Using pre-set license
Built from '2020.2/staging' branch; Version is '2020.2.3f1 (8ff31bc5bf5b) revision 9433883'; Using compiler version '192528614'; Build Type 'Release'
OS: 'Windows 10 Home; OS build 22621.1537; Version 2009; 64bit' Language: 'ja' Physical Memory: 8025 MB
BatchMode: 1, IsHumanControllingUs: 0, StartBugReporterOnCrash: 0, Is64bit: 1, IsPro: 0

 COMMAND LINE ARGUMENTS:
C:\Program Files\Unity\Hub\Editor\2020.2.3f1\Editor\Unity.exe
-adb2
-batchMode
-noUpm
-name
AssetImportWorker0
-projectPath
C:/Users/user/Desktop/Unity/JackPot - コピー
-logFile
Logs/AssetImportWorker0.log
-srvPort
54404
Successfully changed project path to: C:/Users/user/Desktop/Unity/JackPot - コピー
C:/Users/user/Desktop/Unity/JackPot - コピー
Using Asset Import Pipeline V2.
Refreshing native plugins compatible for Editor in 47.07 ms, found 0 plugins.
Preloading 0 native plugins for Editor in 0.00 ms.
Initialize engine version: 2020.2.3f1 (8ff31bc5bf5b)
[Subsystems] Discovering subsystems at path C:/Program Files/Unity/Hub/Editor/2020.2.3f1/Editor/Data/Resources/UnitySubsystems
[Subsystems] Discovering subsystems at path C:/Users/user/Desktop/Unity/JackPot - コピー/Assets
GfxDevice: creating device client; threaded=0
Direct3D:
    Version:  Direct3D 11.0 [level 11.1]
    Renderer: Intel(R) UHD Graphics 620 (ID=0x5917)
    Vendor:   
    VRAM:     4012 MB
    Driver:   25.20.100.6577
Initialize mono
Mono path[0] = 'C:/Program Files/Unity/Hub/Editor/2020.2.3f1/Editor/Data/Managed'
Mono path[1] = 'C:/Program Files/Unity/Hub/Editor/2020.2.3f1/Editor/Data/MonoBleedingEdge/lib/mono/unityjit'
Mono config path = 'C:/Program Files/Unity/Hub/Editor/2020.2.3f1/Editor/Data/MonoBleedingEdge/etc'
Using monoOptions --debugger-agent=transport=dt_socket,embedding=1,server=y,suspend=n,address=127.0.0.1:56132
Begin MonoManager ReloadAssembly
Registering precompiled unity dll's ...
Register platform support module: C:/Program Files/Unity/Hub/Editor/2020.2.3f1/Editor/Data/PlaybackEngines/WebGLSupport/UnityEditor.WebGL.Extensions.dll
Register platform support module: C:/Program Files/Unity/Hub/Editor/2020.2.3f1/Editor/Data/PlaybackEngines/WindowsStandaloneSupport/UnityEditor.WindowsStandalone.Extensions.dll
Registered in 0.002367 seconds.
Native extension for WindowsStandalone target not found
Native extension for WebGL target not found
Refreshing native plugins compatible for Editor in 33.05 ms, found 0 plugins.
Preloading 0 native plugins for Editor in 0.00 ms.
Invoked RoslynAnalysisRunner static constructor.
RoslynAnalysisRunner will not be running.
RoslynAnalysisRunner has terminated.
Mono: successfully reloaded assembly
- Completed reload, in 13.388 seconds
Platform modules already initialized, skipping
Registering precompiled user dll's ...
Registered in 0.000774 seconds.
Begin MonoManager ReloadAssembly
Native extension for WindowsStandalone target not found
Native extension for WebGL target not found
Refreshing native plugins compatible for Editor in 0.72 ms, found 0 plugins.
Preloading 0 native plugins for Editor in 0.00 ms.
Invoked RoslynAnalysisRunner static constructor.
RoslynAnalysisRunner will not be running.
RoslynAnalysisRunner has terminated.
Mono: successfully reloaded assembly
- Completed reload, in  3.638 seconds
Platform modules already initialized, skipping
========================================================================
Worker process is ready to serve import requests
Launched and connected shader compiler UnityShaderCompiler.exe after 0.47 seconds
Refreshing native plugins compatible for Editor in 0.30 ms, found 0 plugins.
Preloading 0 native plugins for Editor in 0.00 ms.
Unloading 1149 Unused Serialized files (Serialized files now loaded: 0)
System memory in use before: 60.2 MB.
System memory in use after: 60.3 MB.

Unloading 9 unused Assets to reduce memory usage. Loaded Objects now: 1599.
Total: 11.692300 ms (FindLiveObjects: 4.811100 ms CreateObjectMapping: 0.484400 ms MarkObjects: 6.244900 ms  DeleteObjects: 0.142000 ms)

========================================================================
Received Import Request.
  path: Assets/CubeClick.cs
  artifactKey: Guid(9a683d183f17dbb4789f76a68308bef0) Importer(815301076,1909f56bfc062723c751e8b465ee728b)
Start importing Assets/CubeClick.cs using Guid(9a683d183f17dbb4789f76a68308bef0) Importer(815301076,1909f56bfc062723c751e8b465ee728b)  -> (artifact id: '8a1befa8664ebb3c401dc415936d3d9e') in 0.440651 seconds
  Import took 0.454420 seconds .

========================================================================
Received Import Request.
  Time since last request: 0.003769 seconds.
  path: Assets/CubeManager.cs
  artifactKey: Guid(89e1ecff663143a419da7eeed647fb1b) Importer(815301076,1909f56bfc062723c751e8b465ee728b)
Start importing Assets/CubeManager.cs using Guid(89e1ecff663143a419da7eeed647fb1b) Importer(815301076,1909f56bfc062723c751e8b465ee728b)  -> (artifact id: 'e74c64d344a55ed3f58d3dc874c96880') in 0.014994 seconds
  Import took 0.024599 seconds .

========================================================================
Received Import Request.
  Time since last request: 1112.707140 seconds.
  path: Assets/Scenes/SampleScene.unity
  artifactKey: Guid(9fc0d4010bbf28b4594072e72b8655ab) Importer(815301076,1909f56bfc062723c751e8b465ee728b)
Start importing Assets/Scenes/SampleScene.unity using Guid(9fc0d4010bbf28b4594072e72b8655ab) Importer(815301076,1909f56bfc062723c751e8b465ee728b)  -> (artifact id: 'a2113b3f90e34c135e0a6795f4f3726b') in 0.034809 seconds
  Import took 0.040061 seconds .

========================================================================
Received Prepare
Refreshing native plugins compatible for Editor in 0.89 ms, found 0 plugins.
Preloading 0 native plugins for Editor in 0.00 ms.
Unloading 3 Unused Serialized files (Serialized files now loaded: 0)
System memory in use before: 36.7 MB.
System memory in use after: 36.8 MB.

Unloading 3 unused Assets to reduce memory usage. Loaded Objects now: 1599.
Total: 4.068300 ms (FindLiveObjects: 0.263100 ms CreateObjectMapping: 0.056900 ms MarkObjects: 3.657200 ms  DeleteObjects: 0.089100 ms)

========================================================================
Received Import Request.
  Time since last request: 7.535433 seconds.
  path: Assets/Scenes/Main.unity
  artifactKey: Guid(9fc0d4010bbf28b4594072e72b8655ab) Importer(815301076,1909f56bfc062723c751e8b465ee728b)
Start importing Assets/Scenes/Main.unity using Guid(9fc0d4010bbf28b4594072e72b8655ab) Importer(815301076,1909f56bfc062723c751e8b465ee728b)  -> (artifact id: '2e2098712a94b45eb036a5afc67927b6') in 0.018957 seconds
  Import took 0.024771 seconds .

========================================================================
Received Import Request.
  Time since last request: 1.658186 seconds.
  path: Assets/Scenes/SampleScene
  artifactKey: Guid(e38cafc0904c21f42926139e5b813e36) Importer(815301076,1909f56bfc062723c751e8b465ee728b)
Start importing Assets/Scenes/SampleScene using Guid(e38cafc0904c21f42926139e5b813e36) Importer(815301076,1909f56bfc062723c751e8b465ee728b)  -> (artifact id: 'd350647826b9d2fb7dbb0d695f2a57e2') in 0.019406 seconds
  Import took 0.026046 seconds .

========================================================================
Received Import Request.
  Time since last request: 0.009736 seconds.
  path: Assets/Scenes/SampleScene
  artifactKey: Guid(e38cafc0904c21f42926139e5b813e36) Importer(815301076,1909f56bfc062723c751e8b465ee728b)
Start importing Assets/Scenes/SampleScene using Guid(e38cafc0904c21f42926139e5b813e36) Importer(815301076,1909f56bfc062723c751e8b465ee728b)  -> (artifact id: 'd350647826b9d2fb7dbb0d695f2a57e2') in 0.005641 seconds
  Import took 0.010146 seconds .

========================================================================
Received Import Request.
  Time since last request: 1.546272 seconds.
  path: Assets/Scenes/Main
  artifactKey: Guid(e38cafc0904c21f42926139e5b813e36) Importer(815301076,1909f56bfc062723c751e8b465ee728b)
Start importing Assets/Scenes/Main using Guid(e38cafc0904c21f42926139e5b813e36) Importer(815301076,1909f56bfc062723c751e8b465ee728b)  -> (artifact id: '45c6c2182caf9d1748a5f52df3f9f4ad') in 0.025915 seconds
  Import took 0.035163 seconds .

========================================================================
Received Prepare
Registering precompiled user dll's ...
Registered in 0.000974 seconds.
Begin MonoManager ReloadAssembly
Native extension for WindowsStandalone target not found
Native extension for WebGL target not found
Refreshing native plugins compatible for Editor in 0.50 ms, found 0 plugins.
Preloading 0 native plugins for Editor in 0.00 ms.
Invoked RoslynAnalysisRunner static constructor.
RoslynAnalysisRunner will not be running.
RoslynAnalysisRunner has terminated.
Mono: successfully reloaded assembly
- Completed reload, in  1.256 seconds
Platform modules already initialized, skipping
Switching build target platform(5) subTarget(0) extendedPlatform(0) -> platform(13) subTarget(537395200) extendedPlatform(0)
Refreshing native plugins compatible for Editor in 0.23 ms, found 0 plugins.
Preloading 0 native plugins for Editor in 0.00 ms.
Unloading 1134 Unused Serialized files (Serialized files now loaded: 0)
System memory in use before: 59.1 MB.
System memory in use after: 59.2 MB.

Unloading 5 unused Assets to reduce memory usage. Loaded Objects now: 1601.
Total: 3.273900 ms (FindLiveObjects: 0.178000 ms CreateObjectMapping: 0.068200 ms MarkObjects: 2.941200 ms  DeleteObjects: 0.084100 ms)

AssetImportParameters requested are different than current active one (requested -> active):
  custom:graphics/normal-map-encoding: 01000000000000000000000000000000 -> 02000000000000000000000000000000
========================================================================
Received Import Request.
  Time since last request: 36.583739 seconds.
  path: Assets/Prefab
  artifactKey: Guid(117bfcfaea4edab418a370780e17d8d3) Importer(815301076,1909f56bfc062723c751e8b465ee728b)
Start importing Assets/Prefab using Guid(117bfcfaea4edab418a370780e17d8d3) Importer(815301076,1909f56bfc062723c751e8b465ee728b)  -> (artifact id: '431f2c362518690c05489386228de279') in 0.021933 seconds
  Import took 0.027040 seconds .

========================================================================
Received Import Request.
  Time since last request: 10.072886 seconds.
  path: Assets/dice.fbx
  artifactKey: Guid(ac7cfadcd931ccd49a792bb698863a0e) Importer(815301076,1909f56bfc062723c751e8b465ee728b)
Start importing Assets/dice.fbx using Guid(ac7cfadcd931ccd49a792bb698863a0e) Importer(815301076,1909f56bfc062723c751e8b465ee728b)  -> (artifact id: '71430d85ea5d895aaa533247ec203414') in 0.557663 seconds
  Import took 0.561064 seconds .

========================================================================
Received Import Request.
  Time since last request: 81.986917 seconds.
  path: Assets/Prefab/dice.fbx
  artifactKey: Guid(ac7cfadcd931ccd49a792bb698863a0e) Importer(815301076,1909f56bfc062723c751e8b465ee728b)
Start importing Assets/Prefab/dice.fbx using Guid(ac7cfadcd931ccd49a792bb698863a0e) Importer(815301076,1909f56bfc062723c751e8b465ee728b)  -> (artifact id: 'c0933180103929d9ee5d765c92b9f2ec') in 0.090967 seconds
  Import took 0.100207 seconds .

========================================================================
Received Prepare
Registering precompiled user dll's ...
Registered in 0.001043 seconds.
Begin MonoManager ReloadAssembly
Native extension for WindowsStandalone target not found
Native extension for WebGL target not found
Refreshing native plugins compatible for Editor in 0.65 ms, found 0 plugins.
Preloading 0 native plugins for Editor in 0.00 ms.
Invoked RoslynAnalysisRunner static constructor.
RoslynAnalysisRunner will not be running.
RoslynAnalysisRunner has terminated.
Mono: successfully reloaded assembly
- Completed reload, in  1.222 seconds
Platform modules already initialized, skipping
Switching build target platform(5) subTarget(0) extendedPlatform(0) -> platform(13) subTarget(537395200) extendedPlatform(0)
Refreshing native plugins compatible for Editor in 0.25 ms, found 0 plugins.
Preloading 0 native plugins for Editor in 0.00 ms.
Unloading 1134 Unused Serialized files (Serialized files now loaded: 0)
System memory in use before: 62.7 MB.
System memory in use after: 62.8 MB.

Unloading 5 unused Assets to reduce memory usage. Loaded Objects now: 1646.
Total: 5.646000 ms (FindLiveObjects: 0.696500 ms CreateObjectMapping: 0.240900 ms MarkObjects: 4.578700 ms  DeleteObjects: 0.125800 ms)

AssetImportParameters requested are different than current active one (requested -> active):
  custom:graphics/normal-map-encoding: 01000000000000000000000000000000 -> 02000000000000000000000000000000
AssetImportWorkerClient::OnTransportError - code=2 error=End of file
